<?xml version="1.0" encoding="UTF-8"?>
<!-- Generated by org.testng.reporters.JUnitReportReporter -->
<testsuite skipped="0" hostname="SANKET-PC" name="smoke.SmokeTest" tests="1" failures="0" timestamp="28 Sep 2018 11:14:40 GMT" time="15.005" errors="0">
  <testcase name="homePageTest" time="15.005" classname="smoke.SmokeTest"/>
</testsuite> <!-- smoke.SmokeTest -->
